<?xml version="1.0" encoding="UTF-8"?>
<coverage generated="1776841485439" clover="3.2.0">
  <project timestamp="1776841485439" name="All files">
    <metrics statements="197" coveredstatements="185" conditionals="102" coveredconditionals="74" methods="39" coveredmethods="35" elements="338" coveredelements="294" complexity="0" loc="197" ncloc="197" packages="1" files="3" classes="3"/>
    <file name="background.js" path="/home/mickey/git/AI-it-is-depends-on-you/08_chrome_TTS/background.js">
      <metrics statements="53" coveredstatements="51" conditionals="26" coveredconditionals="19" methods="13" coveredmethods="13"/>
      <line num="2" count="4" type="stmt"/>
      <line num="3" count="1" type="stmt"/>
      <line num="10" count="4" type="stmt"/>
      <line num="11" count="1" type="cond" truecount="1" falsecount="1"/>
      <line num="12" count="1" type="stmt"/>
      <line num="13" count="1" type="cond" truecount="1" falsecount="1"/>
      <line num="14" count="1" type="stmt"/>
      <line num="19" count="4" type="stmt"/>
      <line num="20" count="5" type="cond" truecount="2" falsecount="0"/>
      <line num="21" count="1" type="stmt"/>
      <line num="22" count="4" type="cond" truecount="2" falsecount="0"/>
      <line num="23" count="1" type="stmt"/>
      <line num="24" count="3" type="cond" truecount="2" falsecount="0"/>
      <line num="25" count="1" type="stmt"/>
      <line num="26" count="2" type="cond" truecount="2" falsecount="0"/>
      <line num="27" count="1" type="stmt"/>
      <line num="28" count="1" type="stmt"/>
      <line num="30" count="1" type="stmt"/>
      <line num="31" count="1" type="cond" truecount="1" falsecount="1"/>
      <line num="32" count="1" type="stmt"/>
      <line num="37" count="4" type="stmt"/>
      <line num="40" count="4" type="cond" truecount="1" falsecount="1"/>
      <line num="41" count="4" type="stmt"/>
      <line num="45" count="1" type="stmt"/>
      <line num="46" count="1" type="stmt"/>
      <line num="49" count="1" type="stmt"/>
      <line num="50" count="1" type="stmt"/>
      <line num="54" count="2" type="stmt"/>
      <line num="58" count="2" type="stmt"/>
      <line num="59" count="2" type="cond" truecount="2" falsecount="0"/>
      <line num="60" count="1" type="stmt"/>
      <line num="61" count="1" type="stmt"/>
      <line num="64" count="1" type="stmt"/>
      <line num="65" count="1" type="cond" truecount="2" falsecount="0"/>
      <line num="66" count="1" type="stmt"/>
      <line num="68" count="1" type="stmt"/>
      <line num="69" count="1" type="stmt"/>
      <line num="79" count="1" type="stmt"/>
      <line num="80" count="1" type="cond" truecount="1" falsecount="1"/>
      <line num="81" count="1" type="stmt"/>
      <line num="83" count="0" type="stmt"/>
      <line num="86" count="0" type="stmt"/>
      <line num="91" count="2" type="stmt"/>
      <line num="92" count="2" type="stmt"/>
      <line num="98" count="4" type="stmt"/>
      <line num="101" count="3" type="cond" truecount="1" falsecount="1"/>
      <line num="103" count="3" type="stmt"/>
      <line num="104" count="3" type="stmt"/>
      <line num="105" count="3" type="stmt"/>
      <line num="110" count="3" type="cond" truecount="1" falsecount="1"/>
      <line num="111" count="3" type="stmt"/>
      <line num="118" count="3" type="stmt"/>
      <line num="121" count="3" type="stmt"/>
    </file>
    <file name="offscreen.js" path="/home/mickey/git/AI-it-is-depends-on-you/08_chrome_TTS/offscreen.js">
      <metrics statements="50" coveredstatements="42" conditionals="28" coveredconditionals="17" methods="12" coveredmethods="8"/>
      <line num="2" count="2" type="stmt"/>
      <line num="6" count="2" type="stmt"/>
      <line num="7" count="4" type="cond" truecount="1" falsecount="1"/>
      <line num="8" count="0" type="stmt"/>
      <line num="9" count="4" type="cond" truecount="2" falsecount="0"/>
      <line num="10" count="1" type="stmt"/>
      <line num="11" count="3" type="cond" truecount="2" falsecount="0"/>
      <line num="12" count="1" type="stmt"/>
      <line num="13" count="2" type="cond" truecount="2" falsecount="0"/>
      <line num="14" count="1" type="stmt"/>
      <line num="15" count="1" type="cond" truecount="1" falsecount="1"/>
      <line num="16" count="1" type="stmt"/>
      <line num="17" count="1" type="stmt"/>
      <line num="22" count="0" type="stmt"/>
      <line num="23" count="0" type="stmt"/>
      <line num="24" count="0" type="stmt"/>
      <line num="26" count="0" type="stmt"/>
      <line num="30" count="1" type="stmt"/>
      <line num="31" count="1" type="stmt"/>
      <line num="41" count="1" type="stmt"/>
      <line num="42" count="1" type="stmt"/>
      <line num="43" count="1" type="stmt"/>
      <line num="45" count="1" type="stmt"/>
      <line num="46" count="1" type="cond" truecount="1" falsecount="1"/>
      <line num="50" count="1" type="stmt"/>
      <line num="51" count="1" type="stmt"/>
      <line num="52" count="0" type="cond" truecount="0" falsecount="2"/>
      <line num="54" count="1" type="stmt"/>
      <line num="55" count="1" type="cond" truecount="1" falsecount="1"/>
      <line num="56" count="1" type="stmt"/>
      <line num="61" count="1" type="stmt"/>
      <line num="65" count="1" type="cond" truecount="3" falsecount="1"/>
      <line num="66" count="1" type="stmt"/>
      <line num="67" count="1" type="stmt"/>
      <line num="69" count="1" type="cond" truecount="1" falsecount="1"/>
      <line num="70" count="1" type="stmt"/>
      <line num="75" count="1" type="cond" truecount="1" falsecount="1"/>
      <line num="76" count="1" type="stmt"/>
      <line num="77" count="1" type="stmt"/>
      <line num="78" count="1" type="stmt"/>
      <line num="79" count="1" type="stmt"/>
      <line num="84" count="1" type="cond" truecount="1" falsecount="1"/>
      <line num="85" count="0" type="stmt"/>
      <line num="86" count="0" type="stmt"/>
      <line num="89" count="1" type="stmt"/>
      <line num="90" count="1" type="stmt"/>
      <line num="91" count="1" type="stmt"/>
      <line num="92" count="1" type="stmt"/>
      <line num="97" count="1" type="stmt"/>
      <line num="99" count="1" type="stmt"/>
    </file>
    <file name="popup.js" path="/home/mickey/git/AI-it-is-depends-on-you/08_chrome_TTS/popup.js">
      <metrics statements="94" coveredstatements="92" conditionals="48" coveredconditionals="38" methods="14" coveredmethods="14"/>
      <line num="2" count="5" type="stmt"/>
      <line num="3" count="5" type="stmt"/>
      <line num="4" count="5" type="stmt"/>
      <line num="13" count="3" type="stmt"/>
      <line num="14" count="3" type="cond" truecount="2" falsecount="0"/>
      <line num="15" count="1" type="stmt"/>
      <line num="17" count="2" type="cond" truecount="2" falsecount="0"/>
      <line num="20" count="4" type="stmt"/>
      <line num="21" count="4" type="stmt"/>
      <line num="26" count="5" type="stmt"/>
      <line num="27" count="5" type="stmt"/>
      <line num="41" count="3" type="stmt"/>
      <line num="42" count="3" type="cond" truecount="4" falsecount="0"/>
      <line num="43" count="1" type="stmt"/>
      <line num="45" count="2" type="stmt"/>
      <line num="48" count="4" type="stmt"/>
      <line num="49" count="4" type="stmt"/>
      <line num="54" count="13" type="stmt"/>
      <line num="55" count="13" type="cond" truecount="1" falsecount="1"/>
      <line num="56" count="13" type="stmt"/>
      <line num="57" count="13" type="cond" truecount="4" falsecount="0"/>
      <line num="61" count="5" type="stmt"/>
      <line num="62" count="5" type="stmt"/>
      <line num="63" count="5" type="stmt"/>
      <line num="64" count="5" type="stmt"/>
      <line num="65" count="5" type="stmt"/>
      <line num="66" count="5" type="stmt"/>
      <line num="67" count="5" type="stmt"/>
      <line num="68" count="5" type="stmt"/>
      <line num="70" count="5" type="cond" truecount="2" falsecount="0"/>
      <line num="72" count="4" type="stmt"/>
      <line num="73" count="4" type="cond" truecount="1" falsecount="1"/>
      <line num="74" count="4" type="cond" truecount="1" falsecount="1"/>
      <line num="76" count="4" type="stmt"/>
      <line num="77" count="1" type="stmt"/>
      <line num="78" count="1" type="stmt"/>
      <line num="79" count="1" type="stmt"/>
      <line num="83" count="4" type="stmt"/>
      <line num="84" count="1" type="stmt"/>
      <line num="87" count="4" type="stmt"/>
      <line num="88" count="4" type="stmt"/>
      <line num="89" count="4" type="cond" truecount="2" falsecount="0"/>
      <line num="90" count="1" type="stmt"/>
      <line num="91" count="1" type="stmt"/>
      <line num="93" count="3" type="stmt"/>
      <line num="94" count="3" type="cond" truecount="2" falsecount="0"/>
      <line num="95" count="1" type="stmt"/>
      <line num="96" count="1" type="stmt"/>
      <line num="98" count="2" type="stmt"/>
      <line num="99" count="2" type="stmt"/>
      <line num="100" count="2" type="stmt"/>
      <line num="101" count="1" type="stmt"/>
      <line num="103" count="1" type="stmt"/>
      <line num="107" count="4" type="stmt"/>
      <line num="108" count="1" type="stmt"/>
      <line num="109" count="1" type="cond" truecount="3" falsecount="1"/>
      <line num="110" count="1" type="stmt"/>
      <line num="111" count="1" type="stmt"/>
      <line num="112" count="1" type="stmt"/>
      <line num="115" count="4" type="stmt"/>
      <line num="116" count="2" type="cond" truecount="1" falsecount="1"/>
      <line num="117" count="2" type="stmt"/>
      <line num="118" count="2" type="stmt"/>
      <line num="119" count="2" type="stmt"/>
      <line num="122" count="4" type="stmt"/>
      <line num="123" count="4" type="stmt"/>
      <line num="125" count="4" type="stmt"/>
      <line num="126" count="1" type="cond" truecount="1" falsecount="1"/>
      <line num="127" count="1" type="stmt"/>
      <line num="128" count="1" type="stmt"/>
      <line num="129" count="1" type="stmt"/>
      <line num="133" count="4" type="stmt"/>
      <line num="134" count="1" type="stmt"/>
      <line num="137" count="4" type="stmt"/>
      <line num="138" count="3" type="stmt"/>
      <line num="139" count="3" type="cond" truecount="2" falsecount="0"/>
      <line num="140" count="1" type="stmt"/>
      <line num="141" count="1" type="stmt"/>
      <line num="143" count="2" type="stmt"/>
      <line num="144" count="2" type="stmt"/>
      <line num="145" count="2" type="stmt"/>
      <line num="146" count="2" type="stmt"/>
      <line num="148" count="2" type="cond" truecount="3" falsecount="1"/>
      <line num="149" count="0" type="stmt"/>
      <line num="150" count="0" type="stmt"/>
      <line num="152" count="2" type="cond" truecount="3" falsecount="1"/>
      <line num="153" count="2" type="stmt"/>
      <line num="154" count="1" type="stmt"/>
      <line num="155" count="1" type="stmt"/>
      <line num="158" count="1" type="stmt"/>
      <line num="163" count="7" type="cond" truecount="1" falsecount="1"/>
      <line num="164" count="7" type="stmt"/>
      <line num="167" count="7" type="cond" truecount="1" falsecount="1"/>
      <line num="168" count="7" type="stmt"/>
    </file>
  </project>
</coverage>
