{"/home/mickey/git/AI-it-is-depends-on-you/08_chrome_TTS/background.js": {"path":"/home/mickey/git/AI-it-is-depends-on-you/08_chrome_TTS/background.js","statementMap":{"0":{"start":{"line":2,"column":2},"end":{"line":8,"column":5}},"1":{"start":{"line":3,"column":4},"end":{"line":7,"column":7}},"2":{"start":{"line":10,"column":2},"end":{"line":17,"column":5}},"3":{"start":{"line":11,"column":4},"end":{"line":16,"column":5}},"4":{"start":{"line":12,"column":19},"end":{"line":12,"column":37}},"5":{"start":{"line":13,"column":6},"end":{"line":15,"column":7}},"6":{"start":{"line":14,"column":8},"end":{"line":14,"column":25}},"7":{"start":{"line":19,"column":2},"end":{"line":34,"column":5}},"8":{"start":{"line":20,"column":4},"end":{"line":33,"column":5}},"9":{"start":{"line":21,"column":6},"end":{"line":21,"column":34}},"10":{"start":{"line":22,"column":11},"end":{"line":33,"column":5}},"11":{"start":{"line":23,"column":6},"end":{"line":23,"column":20}},"12":{"start":{"line":24,"column":11},"end":{"line":33,"column":5}},"13":{"start":{"line":25,"column":6},"end":{"line":25,"column":60}},"14":{"start":{"line":26,"column":11},"end":{"line":33,"column":5}},"15":{"start":{"line":27,"column":6},"end":{"line":29,"column":9}},"16":{"start":{"line":28,"column":8},"end":{"line":28,"column":31}},"17":{"start":{"line":30,"column":6},"end":{"line":30,"column":18}},"18":{"start":{"line":31,"column":11},"end":{"line":33,"column":5}},"19":{"start":{"line":32,"column":6},"end":{"line":32,"column":38}},"20":{"start":{"line":37,"column":0},"end":{"line":37,"column":17}},"21":{"start":{"line":40,"column":0},"end":{"line":42,"column":1}},"22":{"start":{"line":41,"column":2},"end":{"line":41,"column":88}},"23":{"start":{"line":45,"column":19},"end":{"line":47,"column":4}},"24":{"start":{"line":46,"column":4},"end":{"line":46,"column":72}},"25":{"start":{"line":49,"column":2},"end":{"line":49,"column":49}},"26":{"start":{"line":50,"column":2},"end":{"line":50,"column":68}},"27":{"start":{"line":54,"column":2},"end":{"line":54,"column":57}},"28":{"start":{"line":58,"column":21},"end":{"line":58,"column":61}},"29":{"start":{"line":59,"column":2},"end":{"line":62,"column":3}},"30":{"start":{"line":60,"column":4},"end":{"line":60,"column":39}},"31":{"start":{"line":61,"column":4},"end":{"line":61,"column":11}},"32":{"start":{"line":64,"column":29},"end":{"line":64,"column":77}},"33":{"start":{"line":65,"column":20},"end":{"line":65,"column":55}},"34":{"start":{"line":66,"column":23},"end":{"line":66,"column":65}},"35":{"start":{"line":68,"column":2},"end":{"line":87,"column":3}},"36":{"start":{"line":69,"column":21},"end":{"line":77,"column":6}},"37":{"start":{"line":79,"column":17},"end":{"line":79,"column":38}},"38":{"start":{"line":80,"column":4},"end":{"line":84,"column":5}},"39":{"start":{"line":81,"column":6},"end":{"line":81,"column":35}},"40":{"start":{"line":83,"column":6},"end":{"line":83,"column":44}},"41":{"start":{"line":86,"column":4},"end":{"line":86,"column":48}},"42":{"start":{"line":91,"column":2},"end":{"line":91,"column":49}},"43":{"start":{"line":92,"column":2},"end":{"line":95,"column":5}},"44":{"start":{"line":98,"column":28},"end":{"line":98,"column":32}},"45":{"start":{"line":101,"column":2},"end":{"line":101,"column":58}},"46":{"start":{"line":101,"column":29},"end":{"line":101,"column":58}},"47":{"start":{"line":103,"column":2},"end":{"line":119,"column":5}},"48":{"start":{"line":104,"column":25},"end":{"line":104,"column":52}},"49":{"start":{"line":105,"column":29},"end":{"line":108,"column":6}},"50":{"start":{"line":110,"column":4},"end":{"line":116,"column":5}},"51":{"start":{"line":111,"column":6},"end":{"line":115,"column":9}},"52":{"start":{"line":118,"column":4},"end":{"line":118,"column":33}},"53":{"start":{"line":121,"column":2},"end":{"line":121,"column":31}}},"fnMap":{"0":{"name":"initBackground","decl":{"start":{"line":1,"column":9},"end":{"line":1,"column":23}},"loc":{"start":{"line":1,"column":26},"end":{"line":35,"column":1}},"line":1},"1":{"name":"(anonymous_1)","decl":{"start":{"line":2,"column":41},"end":{"line":2,"column":42}},"loc":{"start":{"line":2,"column":47},"end":{"line":8,"column":3}},"line":2},"2":{"name":"(anonymous_2)","decl":{"start":{"line":10,"column":44},"end":{"line":10,"column":45}},"loc":{"start":{"line":10,"column":59},"end":{"line":17,"column":3}},"line":10},"3":{"name":"(anonymous_3)","decl":{"start":{"line":19,"column":39},"end":{"line":19,"column":40}},"loc":{"start":{"line":19,"column":74},"end":{"line":34,"column":3}},"line":19},"4":{"name":"(anonymous_4)","decl":{"start":{"line":27,"column":65},"end":{"line":27,"column":66}},"loc":{"start":{"line":27,"column":79},"end":{"line":29,"column":7}},"line":27},"5":{"name":"startCapture","decl":{"start":{"line":44,"column":15},"end":{"line":44,"column":27}},"loc":{"start":{"line":44,"column":35},"end":{"line":51,"column":1}},"line":44},"6":{"name":"(anonymous_6)","decl":{"start":{"line":45,"column":37},"end":{"line":45,"column":38}},"loc":{"start":{"line":45,"column":50},"end":{"line":47,"column":3}},"line":45},"7":{"name":"stopCapture","decl":{"start":{"line":53,"column":9},"end":{"line":53,"column":20}},"loc":{"start":{"line":53,"column":23},"end":{"line":55,"column":1}},"line":53},"8":{"name":"processTTS","decl":{"start":{"line":57,"column":15},"end":{"line":57,"column":25}},"loc":{"start":{"line":57,"column":32},"end":{"line":88,"column":1}},"line":57},"9":{"name":"playAudio","decl":{"start":{"line":90,"column":15},"end":{"line":90,"column":24}},"loc":{"start":{"line":90,"column":39},"end":{"line":96,"column":1}},"line":90},"10":{"name":"setupOffscreenDocument","decl":{"start":{"line":100,"column":15},"end":{"line":100,"column":37}},"loc":{"start":{"line":100,"column":44},"end":{"line":122,"column":1}},"line":100},"11":{"name":"(anonymous_11)","decl":{"start":{"line":103,"column":27},"end":{"line":103,"column":28}},"loc":{"start":{"line":103,"column":39},"end":{"line":117,"column":3}},"line":103},"12":{"name":"(anonymous_12)","decl":{"start":{"line":117,"column":15},"end":{"line":117,"column":16}},"loc":{"start":{"line":117,"column":21},"end":{"line":119,"column":3}},"line":117}},"branchMap":{"0":{"loc":{"start":{"line":11,"column":4},"end":{"line":16,"column":5}},"type":"if","locations":[{"start":{"line":11,"column":4},"end":{"line":16,"column":5}},{"start":{},"end":{}}],"line":11},"1":{"loc":{"start":{"line":13,"column":6},"end":{"line":15,"column":7}},"type":"if","locations":[{"start":{"line":13,"column":6},"end":{"line":15,"column":7}},{"start":{},"end":{}}],"line":13},"2":{"loc":{"start":{"line":20,"column":4},"end":{"line":33,"column":5}},"type":"if","locations":[{"start":{"line":20,"column":4},"end":{"line":33,"column":5}},{"start":{"line":22,"column":11},"end":{"line":33,"column":5}}],"line":20},"3":{"loc":{"start":{"line":22,"column":11},"end":{"line":33,"column":5}},"type":"if","locations":[{"start":{"line":22,"column":11},"end":{"line":33,"column":5}},{"start":{"line":24,"column":11},"end":{"line":33,"column":5}}],"line":22},"4":{"loc":{"start":{"line":24,"column":11},"end":{"line":33,"column":5}},"type":"if","locations":[{"start":{"line":24,"column":11},"end":{"line":33,"column":5}},{"start":{"line":26,"column":11},"end":{"line":33,"column":5}}],"line":24},"5":{"loc":{"start":{"line":26,"column":11},"end":{"line":33,"column":5}},"type":"if","locations":[{"start":{"line":26,"column":11},"end":{"line":33,"column":5}},{"start":{"line":31,"column":11},"end":{"line":33,"column":5}}],"line":26},"6":{"loc":{"start":{"line":31,"column":11},"end":{"line":33,"column":5}},"type":"if","locations":[{"start":{"line":31,"column":11},"end":{"line":33,"column":5}},{"start":{},"end":{}}],"line":31},"7":{"loc":{"start":{"line":40,"column":0},"end":{"line":42,"column":1}},"type":"if","locations":[{"start":{"line":40,"column":0},"end":{"line":42,"column":1}},{"start":{},"end":{}}],"line":40},"8":{"loc":{"start":{"line":59,"column":2},"end":{"line":62,"column":3}},"type":"if","locations":[{"start":{"line":59,"column":2},"end":{"line":62,"column":3}},{"start":{},"end":{}}],"line":59},"9":{"loc":{"start":{"line":65,"column":20},"end":{"line":65,"column":55}},"type":"binary-expr","locations":[{"start":{"line":65,"column":20},"end":{"line":65,"column":34}},{"start":{"line":65,"column":38},"end":{"line":65,"column":55}}],"line":65},"10":{"loc":{"start":{"line":80,"column":4},"end":{"line":84,"column":5}},"type":"if","locations":[{"start":{"line":80,"column":4},"end":{"line":84,"column":5}},{"start":{"line":82,"column":11},"end":{"line":84,"column":5}}],"line":80},"11":{"loc":{"start":{"line":101,"column":2},"end":{"line":101,"column":58}},"type":"if","locations":[{"start":{"line":101,"column":2},"end":{"line":101,"column":58}},{"start":{},"end":{}}],"line":101},"12":{"loc":{"start":{"line":110,"column":4},"end":{"line":116,"column":5}},"type":"if","locations":[{"start":{"line":110,"column":4},"end":{"line":116,"column":5}},{"start":{},"end":{}}],"line":110}},"s":{"0":4,"1":1,"2":4,"3":1,"4":1,"5":1,"6":1,"7":4,"8":5,"9":1,"10":4,"11":1,"12":3,"13":1,"14":2,"15":1,"16":1,"17":1,"18":1,"19":1,"20":4,"21":4,"22":4,"23":1,"24":1,"25":1,"26":1,"27":2,"28":2,"29":2,"30":1,"31":1,"32":1,"33":1,"34":1,"35":1,"36":1,"37":1,"38":1,"39":1,"40":0,"41":0,"42":2,"43":2,"44":4,"45":3,"46":0,"47":3,"48":3,"49":3,"50":3,"51":3,"52":3,"53":3},"f":{"0":4,"1":1,"2":1,"3":5,"4":1,"5":1,"6":1,"7":2,"8":2,"9":2,"10":3,"11":3,"12":3},"b":{"0":[1,0],"1":[1,0],"2":[1,4],"3":[1,3],"4":[1,2],"5":[1,1],"6":[1,0],"7":[4,0],"8":[1,1],"9":[1,1],"10":[1,0],"11":[0,3],"12":[3,0]},"_coverageSchema":"1a1c01bbd47fc00a2c39e90264f33305004495a9","hash":"a5b7d838e887b584f5f48b143899e322533ef4ce"}
,"/home/mickey/git/AI-it-is-depends-on-you/08_chrome_TTS/offscreen.js": {"path":"/home/mickey/git/AI-it-is-depends-on-you/08_chrome_TTS/offscreen.js","statementMap":{"0":{"start":{"line":2,"column":18},"end":{"line":2,"column":20}},"1":{"start":{"line":6,"column":0},"end":{"line":19,"column":3}},"2":{"start":{"line":7,"column":2},"end":{"line":18,"column":3}},"3":{"start":{"line":8,"column":4},"end":{"line":8,"column":42}},"4":{"start":{"line":9,"column":9},"end":{"line":18,"column":3}},"5":{"start":{"line":10,"column":4},"end":{"line":10,"column":58}},"6":{"start":{"line":11,"column":9},"end":{"line":18,"column":3}},"7":{"start":{"line":12,"column":4},"end":{"line":12,"column":20}},"8":{"start":{"line":13,"column":9},"end":{"line":18,"column":3}},"9":{"start":{"line":14,"column":4},"end":{"line":14,"column":24}},"10":{"start":{"line":15,"column":9},"end":{"line":18,"column":3}},"11":{"start":{"line":16,"column":4},"end":{"line":16,"column":35}},"12":{"start":{"line":17,"column":4},"end":{"line":17,"column":16}},"13":{"start":{"line":22,"column":16},"end":{"line":22,"column":60}},"14":{"start":{"line":23,"column":2},"end":{"line":25,"column":4}},"15":{"start":{"line":24,"column":4},"end":{"line":24,"column":89}},"16":{"start":{"line":26,"column":2},"end":{"line":26,"column":15}},"17":{"start":{"line":30,"column":2},"end":{"line":30,"column":19}},"18":{"start":{"line":31,"column":17},"end":{"line":39,"column":4}},"19":{"start":{"line":41,"column":2},"end":{"line":41,"column":36}},"20":{"start":{"line":42,"column":17},"end":{"line":42,"column":61}},"21":{"start":{"line":43,"column":2},"end":{"line":43,"column":43}},"22":{"start":{"line":45,"column":28},"end":{"line":45,"column":52}},"23":{"start":{"line":46,"column":18},"end":{"line":48,"column":8}},"24":{"start":{"line":50,"column":2},"end":{"line":50,"column":53}},"25":{"start":{"line":51,"column":2},"end":{"line":53,"column":4}},"26":{"start":{"line":52,"column":4},"end":{"line":52,"column":58}},"27":{"start":{"line":52,"column":29},"end":{"line":52,"column":58}},"28":{"start":{"line":54,"column":2},"end":{"line":60,"column":4}},"29":{"start":{"line":55,"column":4},"end":{"line":55,"column":75}},"30":{"start":{"line":56,"column":4},"end":{"line":59,"column":7}},"31":{"start":{"line":61,"column":2},"end":{"line":61,"column":24}},"32":{"start":{"line":65,"column":2},"end":{"line":68,"column":3}},"33":{"start":{"line":66,"column":4},"end":{"line":66,"column":25}},"34":{"start":{"line":67,"column":4},"end":{"line":67,"column":68}},"35":{"start":{"line":67,"column":54},"end":{"line":67,"column":66}},"36":{"start":{"line":69,"column":2},"end":{"line":71,"column":3}},"37":{"start":{"line":70,"column":4},"end":{"line":70,"column":25}},"38":{"start":{"line":75,"column":2},"end":{"line":80,"column":3}},"39":{"start":{"line":76,"column":16},"end":{"line":76,"column":49}},"40":{"start":{"line":77,"column":18},"end":{"line":77,"column":32}},"41":{"start":{"line":78,"column":4},"end":{"line":78,"column":51}},"42":{"start":{"line":78,"column":26},"end":{"line":78,"column":50}},"43":{"start":{"line":79,"column":4},"end":{"line":79,"column":17}},"44":{"start":{"line":84,"column":2},"end":{"line":87,"column":3}},"45":{"start":{"line":85,"column":4},"end":{"line":85,"column":50}},"46":{"start":{"line":86,"column":4},"end":{"line":86,"column":11}},"47":{"start":{"line":89,"column":17},"end":{"line":89,"column":33}},"48":{"start":{"line":90,"column":2},"end":{"line":98,"column":4}},"49":{"start":{"line":91,"column":19},"end":{"line":91,"column":46}},"50":{"start":{"line":92,"column":4},"end":{"line":95,"column":7}},"51":{"start":{"line":97,"column":4},"end":{"line":97,"column":92}},"52":{"start":{"line":99,"column":2},"end":{"line":99,"column":37}}},"fnMap":{"0":{"name":"(anonymous_0)","decl":{"start":{"line":6,"column":37},"end":{"line":6,"column":38}},"loc":{"start":{"line":6,"column":72},"end":{"line":19,"column":1}},"line":6},"1":{"name":"playBase64Audio","decl":{"start":{"line":21,"column":9},"end":{"line":21,"column":24}},"loc":{"start":{"line":21,"column":33},"end":{"line":27,"column":1}},"line":21},"2":{"name":"(anonymous_2)","decl":{"start":{"line":23,"column":18},"end":{"line":23,"column":19}},"loc":{"start":{"line":23,"column":24},"end":{"line":25,"column":3}},"line":23},"3":{"name":"startRecording","decl":{"start":{"line":29,"column":15},"end":{"line":29,"column":29}},"loc":{"start":{"line":29,"column":40},"end":{"line":62,"column":1}},"line":29},"4":{"name":"(anonymous_4)","decl":{"start":{"line":51,"column":34},"end":{"line":51,"column":35}},"loc":{"start":{"line":51,"column":45},"end":{"line":53,"column":3}},"line":51},"5":{"name":"(anonymous_5)","decl":{"start":{"line":54,"column":25},"end":{"line":54,"column":26}},"loc":{"start":{"line":54,"column":31},"end":{"line":60,"column":3}},"line":54},"6":{"name":"stopRecording","decl":{"start":{"line":64,"column":9},"end":{"line":64,"column":22}},"loc":{"start":{"line":64,"column":25},"end":{"line":72,"column":1}},"line":64},"7":{"name":"(anonymous_7)","decl":{"start":{"line":67,"column":45},"end":{"line":67,"column":46}},"loc":{"start":{"line":67,"column":54},"end":{"line":67,"column":66}},"line":67},"8":{"name":"playRecordedAudio","decl":{"start":{"line":74,"column":9},"end":{"line":74,"column":26}},"loc":{"start":{"line":74,"column":29},"end":{"line":81,"column":1}},"line":74},"9":{"name":"(anonymous_9)","decl":{"start":{"line":78,"column":20},"end":{"line":78,"column":21}},"loc":{"start":{"line":78,"column":26},"end":{"line":78,"column":50}},"line":78},"10":{"name":"getRecordedAudio","decl":{"start":{"line":83,"column":15},"end":{"line":83,"column":31}},"loc":{"start":{"line":83,"column":46},"end":{"line":100,"column":1}},"line":83},"11":{"name":"(anonymous_11)","decl":{"start":{"line":90,"column":21},"end":{"line":90,"column":22}},"loc":{"start":{"line":90,"column":27},"end":{"line":98,"column":3}},"line":90}},"branchMap":{"0":{"loc":{"start":{"line":7,"column":2},"end":{"line":18,"column":3}},"type":"if","locations":[{"start":{"line":7,"column":2},"end":{"line":18,"column":3}},{"start":{"line":9,"column":9},"end":{"line":18,"column":3}}],"line":7},"1":{"loc":{"start":{"line":9,"column":9},"end":{"line":18,"column":3}},"type":"if","locations":[{"start":{"line":9,"column":9},"end":{"line":18,"column":3}},{"start":{"line":11,"column":9},"end":{"line":18,"column":3}}],"line":9},"2":{"loc":{"start":{"line":11,"column":9},"end":{"line":18,"column":3}},"type":"if","locations":[{"start":{"line":11,"column":9},"end":{"line":18,"column":3}},{"start":{"line":13,"column":9},"end":{"line":18,"column":3}}],"line":11},"3":{"loc":{"start":{"line":13,"column":9},"end":{"line":18,"column":3}},"type":"if","locations":[{"start":{"line":13,"column":9},"end":{"line":18,"column":3}},{"start":{"line":15,"column":9},"end":{"line":18,"column":3}}],"line":13},"4":{"loc":{"start":{"line":15,"column":9},"end":{"line":18,"column":3}},"type":"if","locations":[{"start":{"line":15,"column":9},"end":{"line":18,"column":3}},{"start":{},"end":{}}],"line":15},"5":{"loc":{"start":{"line":46,"column":18},"end":{"line":48,"column":8}},"type":"cond-expr","locations":[{"start":{"line":47,"column":6},"end":{"line":47,"column":37}},{"start":{"line":48,"column":6},"end":{"line":48,"column":8}}],"line":46},"6":{"loc":{"start":{"line":52,"column":4},"end":{"line":52,"column":58}},"type":"if","locations":[{"start":{"line":52,"column":4},"end":{"line":52,"column":58}},{"start":{},"end":{}}],"line":52},"7":{"loc":{"start":{"line":55,"column":49},"end":{"line":55,"column":71}},"type":"binary-expr","locations":[{"start":{"line":55,"column":49},"end":{"line":55,"column":65}},{"start":{"line":55,"column":69},"end":{"line":55,"column":71}}],"line":55},"8":{"loc":{"start":{"line":65,"column":2},"end":{"line":68,"column":3}},"type":"if","locations":[{"start":{"line":65,"column":2},"end":{"line":68,"column":3}},{"start":{},"end":{}}],"line":65},"9":{"loc":{"start":{"line":65,"column":6},"end":{"line":65,"column":57}},"type":"binary-expr","locations":[{"start":{"line":65,"column":6},"end":{"line":65,"column":19}},{"start":{"line":65,"column":23},"end":{"line":65,"column":57}}],"line":65},"10":{"loc":{"start":{"line":69,"column":2},"end":{"line":71,"column":3}},"type":"if","locations":[{"start":{"line":69,"column":2},"end":{"line":71,"column":3}},{"start":{},"end":{}}],"line":69},"11":{"loc":{"start":{"line":75,"column":2},"end":{"line":80,"column":3}},"type":"if","locations":[{"start":{"line":75,"column":2},"end":{"line":80,"column":3}},{"start":{},"end":{}}],"line":75},"12":{"loc":{"start":{"line":84,"column":2},"end":{"line":87,"column":3}},"type":"if","locations":[{"start":{"line":84,"column":2},"end":{"line":87,"column":3}},{"start":{},"end":{}}],"line":84},"13":{"loc":{"start":{"line":94,"column":18},"end":{"line":94,"column":64}},"type":"cond-expr","locations":[{"start":{"line":94,"column":33},"end":{"line":94,"column":56}},{"start":{"line":94,"column":59},"end":{"line":94,"column":64}}],"line":94}},"s":{"0":2,"1":2,"2":4,"3":0,"4":4,"5":1,"6":3,"7":1,"8":2,"9":1,"10":1,"11":1,"12":1,"13":0,"14":0,"15":0,"16":0,"17":1,"18":1,"19":1,"20":1,"21":1,"22":1,"23":1,"24":1,"25":1,"26":0,"27":0,"28":1,"29":1,"30":1,"31":1,"32":1,"33":1,"34":1,"35":1,"36":1,"37":1,"38":1,"39":1,"40":1,"41":1,"42":0,"43":1,"44":1,"45":0,"46":0,"47":1,"48":1,"49":1,"50":1,"51":1,"52":1},"f":{"0":4,"1":0,"2":0,"3":1,"4":0,"5":1,"6":1,"7":1,"8":1,"9":0,"10":1,"11":1},"b":{"0":[0,4],"1":[1,3],"2":[1,2],"3":[1,1],"4":[1,0],"5":[1,0],"6":[0,0],"7":[1,0],"8":[1,0],"9":[1,1],"10":[1,0],"11":[1,0],"12":[0,1],"13":[1,0]},"_coverageSchema":"1a1c01bbd47fc00a2c39e90264f33305004495a9","hash":"4137aba220ed60b4e62d6540bdb2b14fb121d90c"}
,"/home/mickey/git/AI-it-is-depends-on-you/08_chrome_TTS/popup.js": {"path":"/home/mickey/git/AI-it-is-depends-on-you/08_chrome_TTS/popup.js","statementMap":{"0":{"start":{"line":2,"column":23},"end":{"line":2,"column":65}},"1":{"start":{"line":3,"column":2},"end":{"line":22,"column":3}},"2":{"start":{"line":4,"column":21},"end":{"line":12,"column":6}},"3":{"start":{"line":13,"column":17},"end":{"line":13,"column":38}},"4":{"start":{"line":14,"column":4},"end":{"line":18,"column":5}},"5":{"start":{"line":15,"column":6},"end":{"line":15,"column":98}},"6":{"start":{"line":17,"column":6},"end":{"line":17,"column":66}},"7":{"start":{"line":20,"column":4},"end":{"line":20,"column":25}},"8":{"start":{"line":21,"column":4},"end":{"line":21,"column":16}},"9":{"start":{"line":26,"column":2},"end":{"line":50,"column":3}},"10":{"start":{"line":27,"column":21},"end":{"line":40,"column":6}},"11":{"start":{"line":41,"column":17},"end":{"line":41,"column":38}},"12":{"start":{"line":42,"column":4},"end":{"line":46,"column":5}},"13":{"start":{"line":43,"column":6},"end":{"line":43,"column":56}},"14":{"start":{"line":45,"column":6},"end":{"line":45,"column":46}},"15":{"start":{"line":48,"column":4},"end":{"line":48,"column":25}},"16":{"start":{"line":49,"column":4},"end":{"line":49,"column":16}},"17":{"start":{"line":54,"column":20},"end":{"line":54,"column":53}},"18":{"start":{"line":55,"column":2},"end":{"line":55,"column":25}},"19":{"start":{"line":55,"column":18},"end":{"line":55,"column":25}},"20":{"start":{"line":56,"column":2},"end":{"line":56,"column":30}},"21":{"start":{"line":57,"column":2},"end":{"line":57,"column":94}},"22":{"start":{"line":61,"column":22},"end":{"line":61,"column":56}},"23":{"start":{"line":62,"column":21},"end":{"line":62,"column":56}},"24":{"start":{"line":63,"column":18},"end":{"line":63,"column":53}},"25":{"start":{"line":64,"column":22},"end":{"line":64,"column":61}},"26":{"start":{"line":65,"column":17},"end":{"line":65,"column":51}},"27":{"start":{"line":66,"column":20},"end":{"line":66,"column":57}},"28":{"start":{"line":67,"column":24},"end":{"line":67,"column":66}},"29":{"start":{"line":68,"column":17},"end":{"line":68,"column":51}},"30":{"start":{"line":70,"column":2},"end":{"line":70,"column":27}},"31":{"start":{"line":70,"column":20},"end":{"line":70,"column":27}},"32":{"start":{"line":72,"column":15},"end":{"line":72,"column":75}},"33":{"start":{"line":73,"column":2},"end":{"line":73,"column":51}},"34":{"start":{"line":73,"column":19},"end":{"line":73,"column":51}},"35":{"start":{"line":74,"column":2},"end":{"line":74,"column":67}},"36":{"start":{"line":74,"column":27},"end":{"line":74,"column":67}},"37":{"start":{"line":76,"column":2},"end":{"line":81,"column":5}},"38":{"start":{"line":77,"column":19},"end":{"line":77,"column":43}},"39":{"start":{"line":78,"column":4},"end":{"line":80,"column":7}},"40":{"start":{"line":79,"column":6},"end":{"line":79,"column":46}},"41":{"start":{"line":83,"column":2},"end":{"line":85,"column":5}},"42":{"start":{"line":84,"column":4},"end":{"line":84,"column":68}},"43":{"start":{"line":87,"column":2},"end":{"line":105,"column":5}},"44":{"start":{"line":88,"column":17},"end":{"line":88,"column":37}},"45":{"start":{"line":89,"column":4},"end":{"line":92,"column":5}},"46":{"start":{"line":90,"column":6},"end":{"line":90,"column":53}},"47":{"start":{"line":91,"column":6},"end":{"line":91,"column":13}},"48":{"start":{"line":93,"column":23},"end":{"line":93,"column":63}},"49":{"start":{"line":94,"column":4},"end":{"line":97,"column":5}},"50":{"start":{"line":95,"column":6},"end":{"line":95,"column":59}},"51":{"start":{"line":96,"column":6},"end":{"line":96,"column":13}},"52":{"start":{"line":98,"column":4},"end":{"line":98,"column":39}},"53":{"start":{"line":99,"column":4},"end":{"line":104,"column":5}},"54":{"start":{"line":100,"column":6},"end":{"line":100,"column":56}},"55":{"start":{"line":101,"column":6},"end":{"line":101,"column":42}},"56":{"start":{"line":103,"column":6},"end":{"line":103,"column":53}},"57":{"start":{"line":107,"column":2},"end":{"line":113,"column":5}},"58":{"start":{"line":108,"column":17},"end":{"line":108,"column":79}},"59":{"start":{"line":109,"column":4},"end":{"line":109,"column":43}},"60":{"start":{"line":109,"column":36},"end":{"line":109,"column":43}},"61":{"start":{"line":110,"column":4},"end":{"line":110,"column":41}},"62":{"start":{"line":111,"column":4},"end":{"line":111,"column":43}},"63":{"start":{"line":112,"column":4},"end":{"line":112,"column":77}},"64":{"start":{"line":115,"column":22},"end":{"line":120,"column":3}},"65":{"start":{"line":116,"column":4},"end":{"line":116,"column":59}},"66":{"start":{"line":116,"column":52},"end":{"line":116,"column":59}},"67":{"start":{"line":117,"column":4},"end":{"line":117,"column":44}},"68":{"start":{"line":118,"column":4},"end":{"line":118,"column":45}},"69":{"start":{"line":119,"column":4},"end":{"line":119,"column":57}},"70":{"start":{"line":122,"column":2},"end":{"line":122,"column":53}},"71":{"start":{"line":123,"column":2},"end":{"line":123,"column":56}},"72":{"start":{"line":125,"column":2},"end":{"line":131,"column":5}},"73":{"start":{"line":126,"column":4},"end":{"line":130,"column":5}},"74":{"start":{"line":127,"column":6},"end":{"line":127,"column":37}},"75":{"start":{"line":128,"column":6},"end":{"line":128,"column":30}},"76":{"start":{"line":129,"column":6},"end":{"line":129,"column":51}},"77":{"start":{"line":133,"column":2},"end":{"line":135,"column":5}},"78":{"start":{"line":134,"column":4},"end":{"line":134,"column":64}},"79":{"start":{"line":137,"column":2},"end":{"line":160,"column":5}},"80":{"start":{"line":138,"column":23},"end":{"line":138,"column":63}},"81":{"start":{"line":139,"column":4},"end":{"line":142,"column":5}},"82":{"start":{"line":140,"column":6},"end":{"line":140,"column":59}},"83":{"start":{"line":141,"column":6},"end":{"line":141,"column":13}},"84":{"start":{"line":143,"column":4},"end":{"line":143,"column":47}},"85":{"start":{"line":144,"column":4},"end":{"line":159,"column":5}},"86":{"start":{"line":145,"column":23},"end":{"line":147,"column":8}},"87":{"start":{"line":146,"column":8},"end":{"line":146,"column":78}},"88":{"start":{"line":148,"column":6},"end":{"line":151,"column":7}},"89":{"start":{"line":149,"column":8},"end":{"line":149,"column":44}},"90":{"start":{"line":150,"column":8},"end":{"line":150,"column":15}},"91":{"start":{"line":152,"column":6},"end":{"line":156,"column":7}},"92":{"start":{"line":153,"column":21},"end":{"line":153,"column":89}},"93":{"start":{"line":154,"column":8},"end":{"line":154,"column":29}},"94":{"start":{"line":155,"column":8},"end":{"line":155,"column":56}},"95":{"start":{"line":158,"column":6},"end":{"line":158,"column":58}},"96":{"start":{"line":163,"column":0},"end":{"line":165,"column":1}},"97":{"start":{"line":164,"column":2},"end":{"line":164,"column":59}},"98":{"start":{"line":167,"column":0},"end":{"line":169,"column":1}},"99":{"start":{"line":168,"column":2},"end":{"line":168,"column":69}}},"fnMap":{"0":{"name":"processTTS","decl":{"start":{"line":1,"column":15},"end":{"line":1,"column":25}},"loc":{"start":{"line":1,"column":51},"end":{"line":23,"column":1}},"line":1},"1":{"name":"processSTT","decl":{"start":{"line":25,"column":15},"end":{"line":25,"column":25}},"loc":{"start":{"line":25,"column":67},"end":{"line":51,"column":1}},"line":25},"2":{"name":"showStatus","decl":{"start":{"line":53,"column":9},"end":{"line":53,"column":19}},"loc":{"start":{"line":53,"column":36},"end":{"line":58,"column":1}},"line":53},"3":{"name":"initPopup","decl":{"start":{"line":60,"column":15},"end":{"line":60,"column":24}},"loc":{"start":{"line":60,"column":27},"end":{"line":161,"column":1}},"line":60},"4":{"name":"(anonymous_4)","decl":{"start":{"line":76,"column":39},"end":{"line":76,"column":40}},"loc":{"start":{"line":76,"column":45},"end":{"line":81,"column":3}},"line":76},"5":{"name":"(anonymous_5)","decl":{"start":{"line":78,"column":41},"end":{"line":78,"column":42}},"loc":{"start":{"line":78,"column":47},"end":{"line":80,"column":5}},"line":78},"6":{"name":"(anonymous_6)","decl":{"start":{"line":83,"column":41},"end":{"line":83,"column":42}},"loc":{"start":{"line":83,"column":47},"end":{"line":85,"column":3}},"line":83},"7":{"name":"(anonymous_7)","decl":{"start":{"line":87,"column":35},"end":{"line":87,"column":36}},"loc":{"start":{"line":87,"column":47},"end":{"line":105,"column":3}},"line":87},"8":{"name":"(anonymous_8)","decl":{"start":{"line":107,"column":42},"end":{"line":107,"column":43}},"loc":{"start":{"line":107,"column":54},"end":{"line":113,"column":3}},"line":107},"9":{"name":"(anonymous_9)","decl":{"start":{"line":115,"column":22},"end":{"line":115,"column":23}},"loc":{"start":{"line":115,"column":28},"end":{"line":120,"column":3}},"line":115},"10":{"name":"(anonymous_10)","decl":{"start":{"line":125,"column":39},"end":{"line":125,"column":40}},"loc":{"start":{"line":125,"column":52},"end":{"line":131,"column":3}},"line":125},"11":{"name":"(anonymous_11)","decl":{"start":{"line":133,"column":42},"end":{"line":133,"column":43}},"loc":{"start":{"line":133,"column":48},"end":{"line":135,"column":3}},"line":133},"12":{"name":"(anonymous_12)","decl":{"start":{"line":137,"column":35},"end":{"line":137,"column":36}},"loc":{"start":{"line":137,"column":47},"end":{"line":160,"column":3}},"line":137},"13":{"name":"(anonymous_13)","decl":{"start":{"line":145,"column":41},"end":{"line":145,"column":42}},"loc":{"start":{"line":145,"column":54},"end":{"line":147,"column":7}},"line":145}},"branchMap":{"0":{"loc":{"start":{"line":14,"column":4},"end":{"line":18,"column":5}},"type":"if","locations":[{"start":{"line":14,"column":4},"end":{"line":18,"column":5}},{"start":{"line":16,"column":11},"end":{"line":18,"column":5}}],"line":14},"1":{"loc":{"start":{"line":17,"column":22},"end":{"line":17,"column":64}},"type":"binary-expr","locations":[{"start":{"line":17,"column":22},"end":{"line":17,"column":41}},{"start":{"line":17,"column":45},"end":{"line":17,"column":64}}],"line":17},"2":{"loc":{"start":{"line":25,"column":47},"end":{"line":25,"column":65}},"type":"default-arg","locations":[{"start":{"line":25,"column":60},"end":{"line":25,"column":65}}],"line":25},"3":{"loc":{"start":{"line":42,"column":4},"end":{"line":46,"column":5}},"type":"if","locations":[{"start":{"line":42,"column":4},"end":{"line":46,"column":5}},{"start":{"line":44,"column":11},"end":{"line":46,"column":5}}],"line":42},"4":{"loc":{"start":{"line":42,"column":8},"end":{"line":42,"column":47}},"type":"binary-expr","locations":[{"start":{"line":42,"column":8},"end":{"line":42,"column":20}},{"start":{"line":42,"column":24},"end":{"line":42,"column":47}}],"line":42},"5":{"loc":{"start":{"line":53,"column":25},"end":{"line":53,"column":34}},"type":"default-arg","locations":[{"start":{"line":53,"column":32},"end":{"line":53,"column":34}}],"line":53},"6":{"loc":{"start":{"line":55,"column":2},"end":{"line":55,"column":25}},"type":"if","locations":[{"start":{"line":55,"column":2},"end":{"line":55,"column":25}},{"start":{},"end":{}}],"line":55},"7":{"loc":{"start":{"line":57,"column":26},"end":{"line":57,"column":93}},"type":"cond-expr","locations":[{"start":{"line":57,"column":45},"end":{"line":57,"column":50}},{"start":{"line":57,"column":54},"end":{"line":57,"column":92}}],"line":57},"8":{"loc":{"start":{"line":57,"column":54},"end":{"line":57,"column":92}},"type":"cond-expr","locations":[{"start":{"line":57,"column":75},"end":{"line":57,"column":82}},{"start":{"line":57,"column":85},"end":{"line":57,"column":92}}],"line":57},"9":{"loc":{"start":{"line":70,"column":2},"end":{"line":70,"column":27}},"type":"if","locations":[{"start":{"line":70,"column":2},"end":{"line":70,"column":27}},{"start":{},"end":{}}],"line":70},"10":{"loc":{"start":{"line":73,"column":2},"end":{"line":73,"column":51}},"type":"if","locations":[{"start":{"line":73,"column":2},"end":{"line":73,"column":51}},{"start":{},"end":{}}],"line":73},"11":{"loc":{"start":{"line":74,"column":2},"end":{"line":74,"column":67}},"type":"if","locations":[{"start":{"line":74,"column":2},"end":{"line":74,"column":67}},{"start":{},"end":{}}],"line":74},"12":{"loc":{"start":{"line":89,"column":4},"end":{"line":92,"column":5}},"type":"if","locations":[{"start":{"line":89,"column":4},"end":{"line":92,"column":5}},{"start":{},"end":{}}],"line":89},"13":{"loc":{"start":{"line":94,"column":4},"end":{"line":97,"column":5}},"type":"if","locations":[{"start":{"line":94,"column":4},"end":{"line":97,"column":5}},{"start":{},"end":{}}],"line":94},"14":{"loc":{"start":{"line":109,"column":4},"end":{"line":109,"column":43}},"type":"if","locations":[{"start":{"line":109,"column":4},"end":{"line":109,"column":43}},{"start":{},"end":{}}],"line":109},"15":{"loc":{"start":{"line":109,"column":8},"end":{"line":109,"column":34}},"type":"binary-expr","locations":[{"start":{"line":109,"column":8},"end":{"line":109,"column":13}},{"start":{"line":109,"column":17},"end":{"line":109,"column":34}}],"line":109},"16":{"loc":{"start":{"line":116,"column":4},"end":{"line":116,"column":59}},"type":"if","locations":[{"start":{"line":116,"column":4},"end":{"line":116,"column":59}},{"start":{},"end":{}}],"line":116},"17":{"loc":{"start":{"line":126,"column":4},"end":{"line":130,"column":5}},"type":"if","locations":[{"start":{"line":126,"column":4},"end":{"line":130,"column":5}},{"start":{},"end":{}}],"line":126},"18":{"loc":{"start":{"line":139,"column":4},"end":{"line":142,"column":5}},"type":"if","locations":[{"start":{"line":139,"column":4},"end":{"line":142,"column":5}},{"start":{},"end":{}}],"line":139},"19":{"loc":{"start":{"line":148,"column":6},"end":{"line":151,"column":7}},"type":"if","locations":[{"start":{"line":148,"column":6},"end":{"line":151,"column":7}},{"start":{},"end":{}}],"line":148},"20":{"loc":{"start":{"line":148,"column":10},"end":{"line":148,"column":36}},"type":"binary-expr","locations":[{"start":{"line":148,"column":10},"end":{"line":148,"column":18}},{"start":{"line":148,"column":22},"end":{"line":148,"column":36}}],"line":148},"21":{"loc":{"start":{"line":152,"column":6},"end":{"line":156,"column":7}},"type":"if","locations":[{"start":{"line":152,"column":6},"end":{"line":156,"column":7}},{"start":{},"end":{}}],"line":152},"22":{"loc":{"start":{"line":152,"column":10},"end":{"line":152,"column":43}},"type":"binary-expr","locations":[{"start":{"line":152,"column":10},"end":{"line":152,"column":18}},{"start":{"line":152,"column":22},"end":{"line":152,"column":43}}],"line":152},"23":{"loc":{"start":{"line":163,"column":0},"end":{"line":165,"column":1}},"type":"if","locations":[{"start":{"line":163,"column":0},"end":{"line":165,"column":1}},{"start":{},"end":{}}],"line":163},"24":{"loc":{"start":{"line":167,"column":0},"end":{"line":169,"column":1}},"type":"if","locations":[{"start":{"line":167,"column":0},"end":{"line":169,"column":1}},{"start":{},"end":{}}],"line":167}},"s":{"0":5,"1":5,"2":5,"3":3,"4":3,"5":1,"6":2,"7":4,"8":4,"9":5,"10":5,"11":3,"12":3,"13":1,"14":2,"15":4,"16":4,"17":13,"18":13,"19":0,"20":13,"21":13,"22":5,"23":5,"24":5,"25":5,"26":5,"27":5,"28":5,"29":5,"30":5,"31":1,"32":4,"33":4,"34":4,"35":4,"36":0,"37":4,"38":1,"39":1,"40":1,"41":4,"42":1,"43":4,"44":4,"45":4,"46":1,"47":1,"48":3,"49":3,"50":1,"51":1,"52":2,"53":2,"54":2,"55":1,"56":1,"57":4,"58":1,"59":1,"60":0,"61":1,"62":1,"63":1,"64":4,"65":2,"66":0,"67":2,"68":2,"69":2,"70":4,"71":4,"72":4,"73":1,"74":1,"75":1,"76":1,"77":4,"78":1,"79":4,"80":3,"81":3,"82":1,"83":1,"84":2,"85":2,"86":2,"87":2,"88":2,"89":0,"90":0,"91":2,"92":2,"93":1,"94":1,"95":1,"96":7,"97":7,"98":7,"99":7},"f":{"0":5,"1":5,"2":13,"3":5,"4":1,"5":1,"6":1,"7":4,"8":1,"9":2,"10":1,"11":1,"12":3,"13":2},"b":{"0":[1,2],"1":[2,1],"2":[5],"3":[1,2],"4":[3,2],"5":[4],"6":[0,13],"7":[5,8],"8":[4,4],"9":[1,4],"10":[4,0],"11":[0,4],"12":[1,3],"13":[1,2],"14":[0,1],"15":[1,1],"16":[0,2],"17":[1,0],"18":[1,2],"19":[0,2],"20":[2,2],"21":[2,0],"22":[2,2],"23":[7,0],"24":[7,0]},"_coverageSchema":"1a1c01bbd47fc00a2c39e90264f33305004495a9","hash":"cf483c69e42b15e59ac66f77588e734d6a13a890"}
}
