TN:
SF:background.js
FN:1,initBackground
FN:2,(anonymous_1)
FN:10,(anonymous_2)
FN:19,(anonymous_3)
FN:27,(anonymous_4)
FN:44,startCapture
FN:45,(anonymous_6)
FN:53,stopCapture
FN:57,processTTS
FN:90,playAudio
FN:100,setupOffscreenDocument
FN:103,(anonymous_11)
FN:117,(anonymous_12)
FNF:13
FNH:13
FNDA:4,initBackground
FNDA:1,(anonymous_1)
FNDA:1,(anonymous_2)
FNDA:5,(anonymous_3)
FNDA:1,(anonymous_4)
FNDA:1,startCapture
FNDA:1,(anonymous_6)
FNDA:2,stopCapture
FNDA:2,processTTS
FNDA:2,playAudio
FNDA:3,setupOffscreenDocument
FNDA:3,(anonymous_11)
FNDA:3,(anonymous_12)
DA:2,4
DA:3,1
DA:10,4
DA:11,1
DA:12,1
DA:13,1
DA:14,1
DA:19,4
DA:20,5
DA:21,1
DA:22,4
DA:23,1
DA:24,3
DA:25,1
DA:26,2
DA:27,1
DA:28,1
DA:30,1
DA:31,1
DA:32,1
DA:37,4
DA:40,4
DA:41,4
DA:45,1
DA:46,1
DA:49,1
DA:50,1
DA:54,2
DA:58,2
DA:59,2
DA:60,1
DA:61,1
DA:64,1
DA:65,1
DA:66,1
DA:68,1
DA:69,1
DA:79,1
DA:80,1
DA:81,1
DA:83,0
DA:86,0
DA:91,2
DA:92,2
DA:98,4
DA:101,3
DA:103,3
DA:104,3
DA:105,3
DA:110,3
DA:111,3
DA:118,3
DA:121,3
LF:53
LH:51
BRDA:11,0,0,1
BRDA:11,0,1,0
BRDA:13,1,0,1
BRDA:13,1,1,0
BRDA:20,2,0,1
BRDA:20,2,1,4
BRDA:22,3,0,1
BRDA:22,3,1,3
BRDA:24,4,0,1
BRDA:24,4,1,2
BRDA:26,5,0,1
BRDA:26,5,1,1
BRDA:31,6,0,1
BRDA:31,6,1,0
BRDA:40,7,0,4
BRDA:40,7,1,0
BRDA:59,8,0,1
BRDA:59,8,1,1
BRDA:65,9,0,1
BRDA:65,9,1,1
BRDA:80,10,0,1
BRDA:80,10,1,0
BRDA:101,11,0,0
BRDA:101,11,1,3
BRDA:110,12,0,3
BRDA:110,12,1,0
BRF:26
BRH:19
end_of_record
TN:
SF:offscreen.js
FN:6,(anonymous_0)
FN:21,playBase64Audio
FN:23,(anonymous_2)
FN:29,startRecording
FN:51,(anonymous_4)
FN:54,(anonymous_5)
FN:64,stopRecording
FN:67,(anonymous_7)
FN:74,playRecordedAudio
FN:78,(anonymous_9)
FN:83,getRecordedAudio
FN:90,(anonymous_11)
FNF:12
FNH:8
FNDA:4,(anonymous_0)
FNDA:0,playBase64Audio
FNDA:0,(anonymous_2)
FNDA:1,startRecording
FNDA:0,(anonymous_4)
FNDA:1,(anonymous_5)
FNDA:1,stopRecording
FNDA:1,(anonymous_7)
FNDA:1,playRecordedAudio
FNDA:0,(anonymous_9)
FNDA:1,getRecordedAudio
FNDA:1,(anonymous_11)
DA:2,2
DA:6,2
DA:7,4
DA:8,0
DA:9,4
DA:10,1
DA:11,3
DA:12,1
DA:13,2
DA:14,1
DA:15,1
DA:16,1
DA:17,1
DA:22,0
DA:23,0
DA:24,0
DA:26,0
DA:30,1
DA:31,1
DA:41,1
DA:42,1
DA:43,1
DA:45,1
DA:46,1
DA:50,1
DA:51,1
DA:52,0
DA:54,1
DA:55,1
DA:56,1
DA:61,1
DA:65,1
DA:66,1
DA:67,1
DA:69,1
DA:70,1
DA:75,1
DA:76,1
DA:77,1
DA:78,1
DA:79,1
DA:84,1
DA:85,0
DA:86,0
DA:89,1
DA:90,1
DA:91,1
DA:92,1
DA:97,1
DA:99,1
LF:50
LH:42
BRDA:7,0,0,0
BRDA:7,0,1,4
BRDA:9,1,0,1
BRDA:9,1,1,3
BRDA:11,2,0,1
BRDA:11,2,1,2
BRDA:13,3,0,1
BRDA:13,3,1,1
BRDA:15,4,0,1
BRDA:15,4,1,0
BRDA:46,5,0,1
BRDA:46,5,1,0
BRDA:52,6,0,0
BRDA:52,6,1,0
BRDA:55,7,0,1
BRDA:55,7,1,0
BRDA:65,8,0,1
BRDA:65,8,1,0
BRDA:65,9,0,1
BRDA:65,9,1,1
BRDA:69,10,0,1
BRDA:69,10,1,0
BRDA:75,11,0,1
BRDA:75,11,1,0
BRDA:84,12,0,0
BRDA:84,12,1,1
BRDA:94,13,0,1
BRDA:94,13,1,0
BRF:28
BRH:17
end_of_record
TN:
SF:popup.js
FN:1,processTTS
FN:25,processSTT
FN:53,showStatus
FN:60,initPopup
FN:76,(anonymous_4)
FN:78,(anonymous_5)
FN:83,(anonymous_6)
FN:87,(anonymous_7)
FN:107,(anonymous_8)
FN:115,(anonymous_9)
FN:125,(anonymous_10)
FN:133,(anonymous_11)
FN:137,(anonymous_12)
FN:145,(anonymous_13)
FNF:14
FNH:14
FNDA:5,processTTS
FNDA:5,processSTT
FNDA:13,showStatus
FNDA:5,initPopup
FNDA:1,(anonymous_4)
FNDA:1,(anonymous_5)
FNDA:1,(anonymous_6)
FNDA:4,(anonymous_7)
FNDA:1,(anonymous_8)
FNDA:2,(anonymous_9)
FNDA:1,(anonymous_10)
FNDA:1,(anonymous_11)
FNDA:3,(anonymous_12)
FNDA:2,(anonymous_13)
DA:2,5
DA:3,5
DA:4,5
DA:13,3
DA:14,3
DA:15,1
DA:17,2
DA:20,4
DA:21,4
DA:26,5
DA:27,5
DA:41,3
DA:42,3
DA:43,1
DA:45,2
DA:48,4
DA:49,4
DA:54,13
DA:55,13
DA:56,13
DA:57,13
DA:61,5
DA:62,5
DA:63,5
DA:64,5
DA:65,5
DA:66,5
DA:67,5
DA:68,5
DA:70,5
DA:72,4
DA:73,4
DA:74,4
DA:76,4
DA:77,1
DA:78,1
DA:79,1
DA:83,4
DA:84,1
DA:87,4
DA:88,4
DA:89,4
DA:90,1
DA:91,1
DA:93,3
DA:94,3
DA:95,1
DA:96,1
DA:98,2
DA:99,2
DA:100,2
DA:101,1
DA:103,1
DA:107,4
DA:108,1
DA:109,1
DA:110,1
DA:111,1
DA:112,1
DA:115,4
DA:116,2
DA:117,2
DA:118,2
DA:119,2
DA:122,4
DA:123,4
DA:125,4
DA:126,1
DA:127,1
DA:128,1
DA:129,1
DA:133,4
DA:134,1
DA:137,4
DA:138,3
DA:139,3
DA:140,1
DA:141,1
DA:143,2
DA:144,2
DA:145,2
DA:146,2
DA:148,2
DA:149,0
DA:150,0
DA:152,2
DA:153,2
DA:154,1
DA:155,1
DA:158,1
DA:163,7
DA:164,7
DA:167,7
DA:168,7
LF:94
LH:92
BRDA:14,0,0,1
BRDA:14,0,1,2
BRDA:17,1,0,2
BRDA:17,1,1,1
BRDA:25,2,0,5
BRDA:42,3,0,1
BRDA:42,3,1,2
BRDA:42,4,0,3
BRDA:42,4,1,2
BRDA:53,5,0,4
BRDA:55,6,0,0
BRDA:55,6,1,13
BRDA:57,7,0,5
BRDA:57,7,1,8
BRDA:57,8,0,4
BRDA:57,8,1,4
BRDA:70,9,0,1
BRDA:70,9,1,4
BRDA:73,10,0,4
BRDA:73,10,1,0
BRDA:74,11,0,0
BRDA:74,11,1,4
BRDA:89,12,0,1
BRDA:89,12,1,3
BRDA:94,13,0,1
BRDA:94,13,1,2
BRDA:109,14,0,0
BRDA:109,14,1,1
BRDA:109,15,0,1
BRDA:109,15,1,1
BRDA:116,16,0,0
BRDA:116,16,1,2
BRDA:126,17,0,1
BRDA:126,17,1,0
BRDA:139,18,0,1
BRDA:139,18,1,2
BRDA:148,19,0,0
BRDA:148,19,1,2
BRDA:148,20,0,2
BRDA:148,20,1,2
BRDA:152,21,0,2
BRDA:152,21,1,0
BRDA:152,22,0,2
BRDA:152,22,1,2
BRDA:163,23,0,7
BRDA:163,23,1,0
BRDA:167,24,0,7
BRDA:167,24,1,0
BRF:48
BRH:38
end_of_record
